@!@!@STARTMSG 2262:0 @!@!@
TLC2 Version 2.16 of 31 December 2020 (rev: cdddf55)
@!@!@ENDMSG 2262 @!@!@
@!@!@STARTMSG 2187:0 @!@!@
Running breadth-first search Model-Checking with fp 41 and seed 3109494959035727955 with 2 workers on 4 cores with 1182MB heap and 2657MB offheap memory [pid: 932705] (Linux 5.4.0-89-generic amd64, AdoptOpenJDK 14.0.1 x86_64, OffHeapDiskFPSet, DiskStateQueue).
@!@!@ENDMSG 2187 @!@!@
@!@!@STARTMSG 2220:0 @!@!@
Starting SANY...
@!@!@ENDMSG 2220 @!@!@
Parsing file /home/gdai/1_S8/S8_2A_SN_ENSEEIHT/UE - Méthodes formelles/Systèmes de transitions/TPs/TLA-TP3/philosophes0.toolbox/Model_1/MC.tla
Parsing file /home/gdai/1_S8/S8_2A_SN_ENSEEIHT/UE - Méthodes formelles/Systèmes de transitions/TPs/TLA-TP3/philosophes0.toolbox/Model_1/philosophes0.tla
Parsing file /mnt/n7fs/tla/toolbox-1.7.1/plugins/org.lamport.tlatools_1.0.0.202012311918/tla2sany/StandardModules/TLC.tla
Parsing file /mnt/n7fs/tla/toolbox-1.7.1/plugins/org.lamport.tlatools_1.0.0.202012311918/tla2sany/StandardModules/Naturals.tla
Parsing file /mnt/n7fs/tla/toolbox-1.7.1/plugins/org.lamport.tlatools_1.0.0.202012311918/tla2sany/StandardModules/Sequences.tla
Parsing file /mnt/n7fs/tla/toolbox-1.7.1/plugins/org.lamport.tlatools_1.0.0.202012311918/tla2sany/StandardModules/FiniteSets.tla
Semantic processing of module Naturals
Semantic processing of module philosophes0
Semantic processing of module Sequences
Semantic processing of module FiniteSets
Semantic processing of module TLC
Semantic processing of module MC
@!@!@STARTMSG 2219:0 @!@!@
SANY finished.
@!@!@ENDMSG 2219 @!@!@
@!@!@STARTMSG 2185:0 @!@!@
Starting... (2022-03-23 15:19:54)
@!@!@ENDMSG 2185 @!@!@
@!@!@STARTMSG 2212:0 @!@!@
Implied-temporal checking--satisfiability problem has 4 branches.
@!@!@ENDMSG 2212 @!@!@
@!@!@STARTMSG 2189:0 @!@!@
Computing initial states...
@!@!@ENDMSG 2189 @!@!@
@!@!@STARTMSG 2190:0 @!@!@
Finished computing initial states: 1 distinct state generated at 2022-03-23 15:19:55.
@!@!@ENDMSG 2190 @!@!@
@!@!@STARTMSG 2200:0 @!@!@
Progress(7) at 2022-03-23 15:19:55: 185 states generated, 56 distinct states found, 0 states left on queue.
@!@!@ENDMSG 2200 @!@!@
@!@!@STARTMSG 2192:0 @!@!@
Checking 4 branches of temporal properties for the complete state space with 224 total distinct states at (2022-03-23 15:19:55)
@!@!@ENDMSG 2192 @!@!@
@!@!@STARTMSG 2116:1 @!@!@
Temporal properties were violated.

@!@!@ENDMSG 2116 @!@!@
@!@!@STARTMSG 2264:1 @!@!@
The following behavior constitutes a counter-example:

@!@!@ENDMSG 2264 @!@!@
@!@!@STARTMSG 2217:4 @!@!@
1: <Initial predicate>
etat = (0 :> "T" @@ 1 :> "T" @@ 2 :> "T" @@ 3 :> "T")

@!@!@ENDMSG 2217 @!@!@
@!@!@STARTMSG 2217:4 @!@!@
2: <demande line 36, col 17 to line 37, col 54 of module philosophes0>
etat = (0 :> "H" @@ 1 :> "T" @@ 2 :> "T" @@ 3 :> "T")

@!@!@ENDMSG 2217 @!@!@
@!@!@STARTMSG 2217:4 @!@!@
3: <demande line 36, col 17 to line 37, col 54 of module philosophes0>
etat = (0 :> "H" @@ 1 :> "T" @@ 2 :> "H" @@ 3 :> "T")

@!@!@ENDMSG 2217 @!@!@
@!@!@STARTMSG 2217:4 @!@!@
4: <demande line 36, col 17 to line 37, col 54 of module philosophes0>
etat = (0 :> "H" @@ 1 :> "T" @@ 2 :> "H" @@ 3 :> "H")

@!@!@ENDMSG 2217 @!@!@
@!@!@STARTMSG 2217:4 @!@!@
5: <mange line 40, col 13 to line 44, col 50 of module philosophes0>
etat = (0 :> "H" @@ 1 :> "T" @@ 2 :> "H" @@ 3 :> "E")

@!@!@ENDMSG 2217 @!@!@
@!@!@STARTMSG 2217:4 @!@!@
6: <demande line 36, col 17 to line 37, col 54 of module philosophes0>
etat = (0 :> "H" @@ 1 :> "H" @@ 2 :> "H" @@ 3 :> "E")

@!@!@ENDMSG 2217 @!@!@
@!@!@STARTMSG 2217:4 @!@!@
7: <mange line 40, col 13 to line 44, col 50 of module philosophes0>
etat = (0 :> "H" @@ 1 :> "E" @@ 2 :> "H" @@ 3 :> "E")

@!@!@ENDMSG 2217 @!@!@
@!@!@STARTMSG 2217:4 @!@!@
8: <pense line 47, col 13 to line 48, col 52 of module philosophes0>
etat = (0 :> "H" @@ 1 :> "E" @@ 2 :> "H" @@ 3 :> "T")

@!@!@ENDMSG 2217 @!@!@
@!@!@STARTMSG 2217:4 @!@!@
9: <demande line 36, col 17 to line 37, col 54 of module philosophes0>
etat = (0 :> "H" @@ 1 :> "E" @@ 2 :> "H" @@ 3 :> "H")

@!@!@ENDMSG 2217 @!@!@
@!@!@STARTMSG 2217:4 @!@!@
10: <mange line 40, col 13 to line 44, col 50 of module philosophes0>
etat = (0 :> "H" @@ 1 :> "E" @@ 2 :> "H" @@ 3 :> "E")

@!@!@ENDMSG 2217 @!@!@
@!@!@STARTMSG 2122:4 @!@!@
5: Back to state: <pense line 47, col 13 to line 48, col 52 of module philosophes0>

@!@!@ENDMSG 2122 @!@!@
@!@!@STARTMSG 2267:0 @!@!@
Finished checking temporal properties in 00s at 2022-03-23 15:19:55
@!@!@ENDMSG 2267 @!@!@
@!@!@STARTMSG 2201:0 @!@!@
The coverage statistics at 2022-03-23 15:19:55
@!@!@ENDMSG 2201 @!@!@
@!@!@STARTMSG 2773:0 @!@!@
<Init line 32, col 1 to line 32, col 4 of module philosophes0>: 2:2
@!@!@ENDMSG 2773 @!@!@
@!@!@STARTMSG 2221:0 @!@!@
  line 33, col 9 to line 33, col 42 of module philosophes0: 2
@!@!@ENDMSG 2221 @!@!@
@!@!@STARTMSG 2772:0 @!@!@
<demande line 35, col 1 to line 35, col 10 of module philosophes0>: 34:108
@!@!@ENDMSG 2772 @!@!@
@!@!@STARTMSG 2221:0 @!@!@
  line 36, col 20 to line 36, col 37 of module philosophes0: 378
@!@!@ENDMSG 2221 @!@!@
@!@!@STARTMSG 2221:0 @!@!@
  |line 36, col 20 to line 36, col 26 of module philosophes0: 270
@!@!@ENDMSG 2221 @!@!@
@!@!@STARTMSG 2221:0 @!@!@
  |line 36, col 30 to line 36, col 37 of module philosophes0: 270
@!@!@ENDMSG 2221 @!@!@
@!@!@STARTMSG 2221:0 @!@!@
  line 37, col 20 to line 37, col 54 of module philosophes0: 108
@!@!@ENDMSG 2221 @!@!@
@!@!@STARTMSG 2772:0 @!@!@
<mange line 39, col 1 to line 39, col 8 of module philosophes0>: 21:60
@!@!@ENDMSG 2772 @!@!@
@!@!@STARTMSG 2221:0 @!@!@
  line 40, col 16 to line 40, col 31 of module philosophes0: 325
@!@!@ENDMSG 2221 @!@!@
@!@!@STARTMSG 2221:0 @!@!@
  |line 40, col 16 to line 40, col 22 of module philosophes0: 265
@!@!@ENDMSG 2221 @!@!@
@!@!@STARTMSG 2221:0 @!@!@
  |line 40, col 26 to line 40, col 31 of module philosophes0: 265
@!@!@ENDMSG 2221 @!@!@
@!@!@STARTMSG 2221:0 @!@!@
  line 42, col 16 to line 42, col 39 of module philosophes0: 169
@!@!@ENDMSG 2221 @!@!@
@!@!@STARTMSG 2221:0 @!@!@
  |line 42, col 16 to line 42, col 30 of module philosophes0: 109
@!@!@ENDMSG 2221 @!@!@
@!@!@STARTMSG 2221:0 @!@!@
  |line 42, col 34 to line 42, col 39 of module philosophes0: 109
@!@!@ENDMSG 2221 @!@!@
@!@!@STARTMSG 2221:0 @!@!@
  line 43, col 16 to line 43, col 39 of module philosophes0: 140
@!@!@ENDMSG 2221 @!@!@
@!@!@STARTMSG 2221:0 @!@!@
  |line 43, col 16 to line 43, col 30 of module philosophes0: 80
@!@!@ENDMSG 2221 @!@!@
@!@!@STARTMSG 2221:0 @!@!@
  |line 43, col 34 to line 43, col 39 of module philosophes0: 80
@!@!@ENDMSG 2221 @!@!@
@!@!@STARTMSG 2221:0 @!@!@
  line 44, col 16 to line 44, col 50 of module philosophes0: 60
@!@!@ENDMSG 2221 @!@!@
@!@!@STARTMSG 2772:0 @!@!@
<pense line 46, col 1 to line 46, col 8 of module philosophes0>: 0:53
@!@!@ENDMSG 2772 @!@!@
@!@!@STARTMSG 2221:0 @!@!@
  line 47, col 16 to line 47, col 31 of module philosophes0: 315
@!@!@ENDMSG 2221 @!@!@
@!@!@STARTMSG 2221:0 @!@!@
  |line 47, col 16 to line 47, col 22 of module philosophes0: 262
@!@!@ENDMSG 2221 @!@!@
@!@!@STARTMSG 2221:0 @!@!@
  |line 47, col 26 to line 47, col 31 of module philosophes0: 262
@!@!@ENDMSG 2221 @!@!@
@!@!@STARTMSG 2221:0 @!@!@
  line 48, col 16 to line 48, col 52 of module philosophes0: 53
@!@!@ENDMSG 2221 @!@!@
@!@!@STARTMSG 2774:0 @!@!@
<Action line 26, col 18 to line 26, col 109 of module philosophes0>
@!@!@ENDMSG 2774 @!@!@
@!@!@STARTMSG 2221:0 @!@!@
  line 26, col 18 to line 26, col 109 of module philosophes0: 56
@!@!@ENDMSG 2221 @!@!@
@!@!@STARTMSG 2221:0 @!@!@
  |line 26, col 36 to line 26, col 109 of module philosophes0: 224
@!@!@ENDMSG 2221 @!@!@
@!@!@STARTMSG 2221:0 @!@!@
  ||line 26, col 36 to line 26, col 51 of module philosophes0: 224
@!@!@ENDMSG 2221 @!@!@
@!@!@STARTMSG 2221:0 @!@!@
  ||line 26, col 57 to line 26, col 108 of module philosophes0: 48
@!@!@ENDMSG 2221 @!@!@
@!@!@STARTMSG 2221:0 @!@!@
  |line 26, col 27 to line 26, col 32 of module philosophes0: 56
@!@!@ENDMSG 2221 @!@!@
@!@!@STARTMSG 2202:0 @!@!@
End of statistics.
@!@!@ENDMSG 2202 @!@!@
@!@!@STARTMSG 2200:0 @!@!@
Progress(7) at 2022-03-23 15:19:55: 185 states generated (7,288 s/min), 56 distinct states found (2,206 ds/min), 0 states left on queue.
@!@!@ENDMSG 2200 @!@!@
@!@!@STARTMSG 2199:0 @!@!@
185 states generated, 56 distinct states found, 0 states left on queue.
@!@!@ENDMSG 2199 @!@!@
@!@!@STARTMSG 2186:0 @!@!@
Finished in 1588ms at (2022-03-23 15:19:55)
@!@!@ENDMSG 2186 @!@!@
