@!@!@STARTMSG 2262:0 @!@!@
TLC2 Version 2.16 of 31 December 2020 (rev: cdddf55)
@!@!@ENDMSG 2262 @!@!@
@!@!@STARTMSG 2187:0 @!@!@
Running breadth-first search Model-Checking with fp 57 and seed -4121809112293494297 with 1 worker on 8 cores with 3641MB heap and 64MB offheap memory [pid: 30362] (Mac OS X 12.2 aarch64, Azul Systems, Inc. 15.0.5 x86_64, MSBDiskFPSet, DiskStateQueue).
@!@!@ENDMSG 2187 @!@!@
@!@!@STARTMSG 2220:0 @!@!@
Starting SANY...
@!@!@ENDMSG 2220 @!@!@
Parsing file /Users/dave/Desktop/留学文件/ENSEEIHT/2021-2022/SN2/S8_2A_SN_ENSEEIHT/UE - Méthodes formelles/Systèmes de transitions/TPs/TLA-TP2/jeton.tla
Parsing file /private/var/folders/1p/0xz6_bsj53g6kk0lcgwc_xkm0000gn/T/Naturals.tla
Parsing file /private/var/folders/1p/0xz6_bsj53g6kk0lcgwc_xkm0000gn/T/FiniteSets.tla
Parsing file /private/var/folders/1p/0xz6_bsj53g6kk0lcgwc_xkm0000gn/T/Sequences.tla
Semantic processing of module Naturals
Semantic processing of module Sequences
Semantic processing of module FiniteSets
Semantic processing of module jeton
@!@!@STARTMSG 2219:0 @!@!@
SANY finished.
@!@!@ENDMSG 2219 @!@!@
@!@!@STARTMSG 2185:0 @!@!@
Starting... (2022-03-08 15:05:09)
@!@!@ENDMSG 2185 @!@!@
@!@!@STARTMSG 2212:0 @!@!@
Implied-temporal checking--satisfiability problem has 7 branches.
@!@!@ENDMSG 2212 @!@!@
@!@!@STARTMSG 2189:0 @!@!@
Computing initial states...
@!@!@ENDMSG 2189 @!@!@
@!@!@STARTMSG 2269:0 @!@!@
Computed 2 initial states...
@!@!@ENDMSG 2269 @!@!@
@!@!@STARTMSG 2269:0 @!@!@
Computed 4 initial states...
@!@!@ENDMSG 2269 @!@!@
@!@!@STARTMSG 2190:0 @!@!@
Finished computing initial states: 5 distinct states generated at 2022-03-08 15:05:09.
@!@!@ENDMSG 2190 @!@!@
@!@!@STARTMSG 2200:0 @!@!@
Progress(7) at 2022-03-08 15:05:09: 805 states generated, 240 distinct states found, 0 states left on queue.
@!@!@ENDMSG 2200 @!@!@
@!@!@STARTMSG 2192:0 @!@!@
Checking 7 branches of temporal properties for the complete state space with 1680 total distinct states at (2022-03-08 15:05:09)
@!@!@ENDMSG 2192 @!@!@
@!@!@STARTMSG 2116:1 @!@!@
Temporal properties were violated.

@!@!@ENDMSG 2116 @!@!@
@!@!@STARTMSG 2264:1 @!@!@
The following behavior constitutes a counter-example:

@!@!@ENDMSG 2264 @!@!@
@!@!@STARTMSG 2217:4 @!@!@
1: <Initial predicate>
/\ etat = (0 :> "T" @@ 1 :> "T" @@ 2 :> "T" @@ 3 :> "T" @@ 4 :> "T")
/\ jeton = 0

@!@!@ENDMSG 2217 @!@!@
@!@!@STARTMSG 2217:4 @!@!@
2: <demander line 45, col 3 to line 47, col 20 of module jeton>
/\ etat = (0 :> "T" @@ 1 :> "H" @@ 2 :> "T" @@ 3 :> "T" @@ 4 :> "T")
/\ jeton = 0

@!@!@ENDMSG 2217 @!@!@
@!@!@STARTMSG 2217:4 @!@!@
3: <demander line 45, col 3 to line 47, col 20 of module jeton>
/\ etat = (0 :> "H" @@ 1 :> "H" @@ 2 :> "T" @@ 3 :> "T" @@ 4 :> "T")
/\ jeton = 0

@!@!@ENDMSG 2217 @!@!@
@!@!@STARTMSG 2217:4 @!@!@
4: <demander line 45, col 3 to line 47, col 20 of module jeton>
/\ etat = (0 :> "H" @@ 1 :> "H" @@ 2 :> "T" @@ 3 :> "T" @@ 4 :> "H")
/\ jeton = 0

@!@!@ENDMSG 2217 @!@!@
@!@!@STARTMSG 2217:4 @!@!@
5: <demander line 45, col 3 to line 47, col 20 of module jeton>
/\ etat = (0 :> "H" @@ 1 :> "H" @@ 2 :> "H" @@ 3 :> "T" @@ 4 :> "H")
/\ jeton = 0

@!@!@ENDMSG 2217 @!@!@
@!@!@STARTMSG 2217:4 @!@!@
6: <demander line 45, col 3 to line 47, col 20 of module jeton>
/\ etat = (0 :> "H" @@ 1 :> "H" @@ 2 :> "H" @@ 3 :> "H" @@ 4 :> "H")
/\ jeton = 0

@!@!@ENDMSG 2217 @!@!@
@!@!@STARTMSG 2218:4 @!@!@
7: Stuttering
@!@!@ENDMSG 2218 @!@!@
@!@!@STARTMSG 2267:0 @!@!@
Finished checking temporal properties in 00s at 2022-03-08 15:05:09
@!@!@ENDMSG 2267 @!@!@
@!@!@STARTMSG 2201:0 @!@!@
The coverage statistics at 2022-03-08 15:05:09
@!@!@ENDMSG 2201 @!@!@
@!@!@STARTMSG 2773:0 @!@!@
<Init line 40, col 1 to line 40, col 4 of module jeton>: 10:10
@!@!@ENDMSG 2773 @!@!@
@!@!@STARTMSG 2221:0 @!@!@
  line 41, col 5 to line 41, col 43 of module jeton: 2
@!@!@ENDMSG 2221 @!@!@
@!@!@STARTMSG 2221:0 @!@!@
  line 42, col 5 to line 42, col 23 of module jeton: 10
@!@!@ENDMSG 2221 @!@!@
@!@!@STARTMSG 2221:0 @!@!@
  |line 42, col 15 to line 42, col 23 of module jeton: 2
@!@!@ENDMSG 2221 @!@!@
@!@!@STARTMSG 2772:0 @!@!@
<demander line 44, col 1 to line 44, col 11 of module jeton>: 204:640
@!@!@ENDMSG 2772 @!@!@
@!@!@STARTMSG 2221:0 @!@!@
  |line 45, col 6 to line 45, col 12 of module jeton: 1305
@!@!@ENDMSG 2221 @!@!@
@!@!@STARTMSG 2221:0 @!@!@
  |line 45, col 16 to line 45, col 23 of module jeton: 1305
@!@!@ENDMSG 2221 @!@!@
@!@!@STARTMSG 2221:0 @!@!@
  line 45, col 6 to line 45, col 23 of module jeton: 1945
@!@!@ENDMSG 2221 @!@!@
@!@!@STARTMSG 2221:0 @!@!@
  line 46, col 6 to line 46, col 42 of module jeton: 640
@!@!@ENDMSG 2221 @!@!@
@!@!@STARTMSG 2221:0 @!@!@
  line 47, col 6 to line 47, col 20 of module jeton: 640
@!@!@ENDMSG 2221 @!@!@
@!@!@STARTMSG 2772:0 @!@!@
<entrer line 49, col 1 to line 49, col 9 of module jeton>: 31:85
@!@!@ENDMSG 2772 @!@!@
@!@!@STARTMSG 2221:0 @!@!@
  line 50, col 6 to line 50, col 21 of module jeton: 1385
@!@!@ENDMSG 2221 @!@!@
@!@!@STARTMSG 2221:0 @!@!@
  |line 50, col 6 to line 50, col 12 of module jeton: 1300
@!@!@ENDMSG 2221 @!@!@
@!@!@STARTMSG 2221:0 @!@!@
  |line 50, col 16 to line 50, col 21 of module jeton: 1300
@!@!@ENDMSG 2221 @!@!@
@!@!@STARTMSG 2221:0 @!@!@
  line 51, col 6 to line 51, col 14 of module jeton: 670
@!@!@ENDMSG 2221 @!@!@
@!@!@STARTMSG 2221:0 @!@!@
  |line 51, col 6 to line 51, col 10 of module jeton: 585
@!@!@ENDMSG 2221 @!@!@
@!@!@STARTMSG 2221:0 @!@!@
  |line 51, col 14 to line 51, col 14 of module jeton: 585
@!@!@ENDMSG 2221 @!@!@
@!@!@STARTMSG 2221:0 @!@!@
  line 52, col 6 to line 52, col 42 of module jeton: 85
@!@!@ENDMSG 2221 @!@!@
@!@!@STARTMSG 2221:0 @!@!@
  line 53, col 6 to line 53, col 20 of module jeton: 85
@!@!@ENDMSG 2221 @!@!@
@!@!@STARTMSG 2772:0 @!@!@
<sortir line 55, col 1 to line 55, col 9 of module jeton>: 0:80
@!@!@ENDMSG 2772 @!@!@
@!@!@STARTMSG 2221:0 @!@!@
  line 56, col 6 to line 56, col 21 of module jeton: 1380
@!@!@ENDMSG 2221 @!@!@
@!@!@STARTMSG 2221:0 @!@!@
  |line 56, col 6 to line 56, col 12 of module jeton: 1300
@!@!@ENDMSG 2221 @!@!@
@!@!@STARTMSG 2221:0 @!@!@
  |line 56, col 16 to line 56, col 21 of module jeton: 1300
@!@!@ENDMSG 2221 @!@!@
@!@!@STARTMSG 2221:0 @!@!@
  line 57, col 6 to line 57, col 44 of module jeton: 80
@!@!@ENDMSG 2221 @!@!@
@!@!@STARTMSG 2221:0 @!@!@
  line 58, col 6 to line 58, col 25 of module jeton: 80
@!@!@ENDMSG 2221 @!@!@
@!@!@STARTMSG 2772:0 @!@!@
<bouger line 60, col 1 to line 60, col 9 of module jeton>: 0:97
@!@!@ENDMSG 2772 @!@!@
@!@!@STARTMSG 2221:0 @!@!@
  line 61, col 6 to line 61, col 14 of module jeton: 1397
@!@!@ENDMSG 2221 @!@!@
@!@!@STARTMSG 2221:0 @!@!@
  |line 61, col 6 to line 61, col 10 of module jeton: 1300
@!@!@ENDMSG 2221 @!@!@
@!@!@STARTMSG 2221:0 @!@!@
  |line 61, col 14 to line 61, col 14 of module jeton: 1300
@!@!@ENDMSG 2221 @!@!@
@!@!@STARTMSG 2221:0 @!@!@
  line 62, col 6 to line 62, col 38 of module jeton: 359
@!@!@ENDMSG 2221 @!@!@
@!@!@STARTMSG 2221:0 @!@!@
  |line 62, col 6 to line 62, col 12 of module jeton: 262
@!@!@ENDMSG 2221 @!@!@
@!@!@STARTMSG 2221:0 @!@!@
  |line 62, col 21 to line 62, col 38 of module jeton: 262
@!@!@ENDMSG 2221 @!@!@
@!@!@STARTMSG 2221:0 @!@!@
  line 63, col 6 to line 63, col 21 of module jeton: 97
@!@!@ENDMSG 2221 @!@!@
@!@!@STARTMSG 2221:0 @!@!@
  line 64, col 6 to line 64, col 19 of module jeton: 97
@!@!@ENDMSG 2221 @!@!@
@!@!@STARTMSG 2774:0 @!@!@
<Action line 23, col 8 to line 24, col 29 of module jeton>
@!@!@ENDMSG 2774 @!@!@
@!@!@STARTMSG 2221:0 @!@!@
  line 23, col 8 to line 24, col 29 of module jeton: 240
@!@!@ENDMSG 2221 @!@!@
@!@!@STARTMSG 2774:0 @!@!@
<Action line 27, col 9 to line 27, col 76 of module jeton>
@!@!@ENDMSG 2774 @!@!@
@!@!@STARTMSG 2221:0 @!@!@
  line 27, col 9 to line 27, col 76 of module jeton: 240
@!@!@ENDMSG 2221 @!@!@
@!@!@STARTMSG 2221:0 @!@!@
  |line 27, col 32 to line 27, col 76 of module jeton: 6000
@!@!@ENDMSG 2221 @!@!@
@!@!@STARTMSG 2221:0 @!@!@
  ||line 27, col 32 to line 27, col 67 of module jeton: 6000
@!@!@ENDMSG 2221 @!@!@
@!@!@STARTMSG 2221:0 @!@!@
  |||line 27, col 32 to line 27, col 47 of module jeton: 6000
@!@!@ENDMSG 2221 @!@!@
@!@!@STARTMSG 2221:0 @!@!@
  |||line 27, col 52 to line 27, col 67 of module jeton: 400
@!@!@ENDMSG 2221 @!@!@
@!@!@STARTMSG 2221:0 @!@!@
  ||line 27, col 72 to line 27, col 76 of module jeton: 80
@!@!@ENDMSG 2221 @!@!@
@!@!@STARTMSG 2221:0 @!@!@
  |line 27, col 20 to line 27, col 28 of module jeton: 240
@!@!@ENDMSG 2221 @!@!@
@!@!@STARTMSG 2774:0 @!@!@
<Action line 36, col 7 to line 36, col 56 of module jeton>
@!@!@ENDMSG 2774 @!@!@
@!@!@STARTMSG 2221:0 @!@!@
  line 36, col 7 to line 36, col 56 of module jeton: 240
@!@!@ENDMSG 2221 @!@!@
@!@!@STARTMSG 2221:0 @!@!@
  |line 36, col 28 to line 36, col 56 of module jeton: 1200
@!@!@ENDMSG 2221 @!@!@
@!@!@STARTMSG 2221:0 @!@!@
  ||line 36, col 28 to line 36, col 43 of module jeton: 1200
@!@!@ENDMSG 2221 @!@!@
@!@!@STARTMSG 2221:0 @!@!@
  ||line 36, col 48 to line 36, col 56 of module jeton: 80
@!@!@ENDMSG 2221 @!@!@
@!@!@STARTMSG 2221:0 @!@!@
  |line 36, col 16 to line 36, col 24 of module jeton: 240
@!@!@ENDMSG 2221 @!@!@
@!@!@STARTMSG 2202:0 @!@!@
End of statistics.
@!@!@ENDMSG 2202 @!@!@
@!@!@STARTMSG 2200:0 @!@!@
Progress(7) at 2022-03-08 15:05:09: 805 states generated (110,022 s/min), 240 distinct states found (32,801 ds/min), 0 states left on queue.
@!@!@ENDMSG 2200 @!@!@
@!@!@STARTMSG 2199:0 @!@!@
805 states generated, 240 distinct states found, 0 states left on queue.
@!@!@ENDMSG 2199 @!@!@
@!@!@STARTMSG 2186:0 @!@!@
Finished in 442ms at (2022-03-08 15:05:09)
@!@!@ENDMSG 2186 @!@!@
